0 info it worked if it ends with ok
1 verbose cli [ '/usr/local/bin/node',
1 verbose cli   '/usr/local/bin/npm',
1 verbose cli   'install',
1 verbose cli   '-g',
1 verbose cli   'bower' ]
2 info using npm@2.14.20
3 info using node@v4.4.0
4 verbose install initial load of /usr/local/lib/package.json
5 verbose readDependencies loading dependencies from /usr/local/lib/package.json
6 silly cache add args [ 'bower', null ]
7 verbose cache add spec bower
8 silly cache add parsed spec Result {
8 silly cache add   raw: 'bower',
8 silly cache add   scope: null,
8 silly cache add   name: 'bower',
8 silly cache add   rawSpec: '',
8 silly cache add   spec: 'latest',
8 silly cache add   type: 'tag' }
9 silly addNamed bower@latest
10 verbose addNamed "latest" is being treated as a dist-tag for bower
11 info addNameTag [ 'bower', 'latest' ]
12 silly mapToRegistry name bower
13 silly mapToRegistry using default registry
14 silly mapToRegistry registry https://registry.npmjs.org/
15 silly mapToRegistry uri https://registry.npmjs.org/bower
16 verbose addNameTag registry:https://registry.npmjs.org/bower not in flight; fetching
17 verbose request uri https://registry.npmjs.org/bower
18 verbose request no auth needed
19 info attempt registry request try #1 at 7:45:57 PM
20 verbose request id a0e007f0e3b47c89
21 verbose etag "1AKVYVYK36FUNTO2W7B3IWWFY"
22 http request GET https://registry.npmjs.org/bower
23 http 200 https://registry.npmjs.org/bower
24 verbose headers { server: 'CouchDB/1.5.0 (Erlang OTP/R16B03)',
24 verbose headers   etag: '"7EYHE4E0SXDJ3PAICMHRFRQ5X"',
24 verbose headers   'content-type': 'application/json',
24 verbose headers   'content-encoding': 'gzip',
24 verbose headers   'cache-control': 'max-age=300',
24 verbose headers   'content-length': '20362',
24 verbose headers   'accept-ranges': 'bytes',
24 verbose headers   date: 'Thu, 21 Apr 2016 00:45:58 GMT',
24 verbose headers   via: '1.1 varnish',
24 verbose headers   age: '122',
24 verbose headers   connection: 'keep-alive',
24 verbose headers   'x-served-by': 'cache-ord1740-ORD',
24 verbose headers   'x-cache': 'HIT',
24 verbose headers   'x-cache-hits': '1',
24 verbose headers   'x-timer': 'S1461199558.068360,VS0,VE0',
24 verbose headers   vary: 'Accept-Encoding' }
25 silly get cb [ 200,
25 silly get   { server: 'CouchDB/1.5.0 (Erlang OTP/R16B03)',
25 silly get     etag: '"7EYHE4E0SXDJ3PAICMHRFRQ5X"',
25 silly get     'content-type': 'application/json',
25 silly get     'content-encoding': 'gzip',
25 silly get     'cache-control': 'max-age=300',
25 silly get     'content-length': '20362',
25 silly get     'accept-ranges': 'bytes',
25 silly get     date: 'Thu, 21 Apr 2016 00:45:58 GMT',
25 silly get     via: '1.1 varnish',
25 silly get     age: '122',
25 silly get     connection: 'keep-alive',
25 silly get     'x-served-by': 'cache-ord1740-ORD',
25 silly get     'x-cache': 'HIT',
25 silly get     'x-cache-hits': '1',
25 silly get     'x-timer': 'S1461199558.068360,VS0,VE0',
25 silly get     vary: 'Accept-Encoding' } ]
26 verbose get saving bower to /Users/thanhnguyen/.npm/registry.npmjs.org/bower/.cache.json
27 verbose correctMkdir /Users/thanhnguyen/.npm correctMkdir not in flight; initializing
28 silly addNameTag next cb for bower with tag latest
29 silly addNamed bower@1.7.9
30 verbose addNamed "1.7.9" is a plain semver version for bower
31 silly mapToRegistry name bower
32 silly mapToRegistry using default registry
33 silly mapToRegistry registry https://registry.npmjs.org/
34 silly mapToRegistry uri https://registry.npmjs.org/bower
35 verbose addRemoteTarball https://registry.npmjs.org/bower/-/bower-1.7.9.tgz not in flight; adding
36 verbose addRemoteTarball [ 'https://registry.npmjs.org/bower/-/bower-1.7.9.tgz',
36 verbose addRemoteTarball   'b7296c2393e0d75edaa6ca39648132dd255812b0' ]
37 info retry fetch attempt 1 at 7:45:58 PM
38 info attempt registry request try #1 at 7:45:58 PM
39 http fetch GET https://registry.npmjs.org/bower/-/bower-1.7.9.tgz
40 http fetch 200 https://registry.npmjs.org/bower/-/bower-1.7.9.tgz
41 silly fetchAndShaCheck shasum b7296c2393e0d75edaa6ca39648132dd255812b0
42 verbose addTmpTarball /var/folders/9s/85nx44ld4dlf_2d2jb0fxd640000gn/T/npm-40254-3b1caa62/registry.npmjs.org/bower/-/bower-1.7.9.tgz not in flight; adding
43 verbose addTmpTarball already have metadata; skipping unpack for bower@1.7.9
44 verbose correctMkdir /Users/thanhnguyen/.npm correctMkdir not in flight; initializing
45 silly cache afterAdd bower@1.7.9
46 verbose afterAdd /Users/thanhnguyen/.npm/bower/1.7.9/package/package.json not in flight; writing
47 verbose correctMkdir /Users/thanhnguyen/.npm correctMkdir not in flight; initializing
48 verbose afterAdd /Users/thanhnguyen/.npm/bower/1.7.9/package/package.json written
49 silly install resolved [ { name: 'bower',
49 silly install resolved     version: '1.7.9',
49 silly install resolved     description: 'The browser package manager',
49 silly install resolved     author: { name: 'Twitter' },
49 silly install resolved     license: 'MIT',
49 silly install resolved     repository: { type: 'git', url: 'git+https://github.com/bower/bower.git' },
49 silly install resolved     main: 'lib',
49 silly install resolved     bin: { bower: 'bin/bower' },
49 silly install resolved     homepage: 'http://bower.io',
49 silly install resolved     engines: { node: '>=0.10.0' },
49 silly install resolved     keywords: [ 'bower' ],
49 silly install resolved     files: [ 'bin', 'lib' ],
49 silly install resolved     bugs: { url: 'https://github.com/bower/bower/issues' },
49 silly install resolved     _id: 'bower@1.7.9',
49 silly install resolved     scripts: {},
49 silly install resolved     _shasum: 'b7296c2393e0d75edaa6ca39648132dd255812b0',
49 silly install resolved     _from: 'bower@latest',
49 silly install resolved     _npmVersion: '3.7.3',
49 silly install resolved     _nodeVersion: '5.9.0',
49 silly install resolved     _npmUser: { name: 'sheerun', email: 'sheerun@sher.pl' },
49 silly install resolved     dist:
49 silly install resolved      { shasum: 'b7296c2393e0d75edaa6ca39648132dd255812b0',
49 silly install resolved        tarball: 'https://registry.npmjs.org/bower/-/bower-1.7.9.tgz' },
49 silly install resolved     maintainers:
49 silly install resolved      [ [Object],
49 silly install resolved        [Object],
49 silly install resolved        [Object],
49 silly install resolved        [Object],
49 silly install resolved        [Object],
49 silly install resolved        [Object],
49 silly install resolved        [Object] ],
49 silly install resolved     _npmOperationalInternal:
49 silly install resolved      { host: 'packages-12-west.internal.npmjs.com',
49 silly install resolved        tmp: 'tmp/bower-1.7.9.tgz_1459857239351_0.9720134933013469' },
49 silly install resolved     directories: {},
49 silly install resolved     _resolved: 'https://registry.npmjs.org/bower/-/bower-1.7.9.tgz' } ]
50 info install bower@1.7.9 into /usr/local/lib
51 info installOne bower@1.7.9
52 verbose installOne of bower to /usr/local/lib not in flight; installing
53 verbose correctMkdir /Users/thanhnguyen/.npm/_locks correctMkdir not in flight; initializing
54 verbose lock using /Users/thanhnguyen/.npm/_locks/bower-e8debc5417026b57.lock for /usr/local/lib/node_modules/bower
55 silly install write writing bower 1.7.9 to /usr/local/lib/node_modules/bower
56 verbose unbuild lib/node_modules/bower
57 info preuninstall bower@1.7.7
58 info uninstall bower@1.7.7
59 verbose unbuild rmStuff bower@1.7.7 from /usr/local/lib/node_modules
60 silly gentlyRm /usr/local/bin/bower is being gently removed
61 silly gentlyRm verifying /usr/local is an npm working directory
62 silly gentlyRm containing path /usr/local is under npm's control, in /usr/local
63 silly gentlyRm deletion target /usr/local/bin/bower is under /usr/local
64 verbose gentlyRm vacuuming from /usr/local/bin/bower up to /usr/local
65 silly vacuum-fs removing /usr/local/bin/bower
66 silly vacuum-fs quitting because other entries in /usr/local/bin
67 info postuninstall bower@1.7.7
68 silly gentlyRm /usr/local/lib/node_modules/bower is being purged from base /usr/local
69 verbose gentlyRm don't care about contents; nuking /usr/local/lib/node_modules/bower
70 silly vacuum-fs purging /usr/local/lib/node_modules/bower
71 verbose unlock done using /Users/thanhnguyen/.npm/_locks/bower-e8debc5417026b57.lock for /usr/local/lib/node_modules/bower
72 verbose stack Error: EACCES: permission denied, rmdir '/usr/local/lib/node_modules/bower'
72 verbose stack     at Error (native)
73 verbose cwd /Users/thanhnguyen/Documents/angular
74 error Darwin 15.0.0
75 error argv "/usr/local/bin/node" "/usr/local/bin/npm" "install" "-g" "bower"
76 error node v4.4.0
77 error npm  v2.14.20
78 error path /usr/local/lib/node_modules/bower
79 error code EACCES
80 error errno -13
81 error syscall rmdir
82 error Error: EACCES: permission denied, rmdir '/usr/local/lib/node_modules/bower'
82 error     at Error (native)
82 error  { [Error: EACCES: permission denied, rmdir '/usr/local/lib/node_modules/bower']
82 error   errno: -13,
82 error   code: 'EACCES',
82 error   syscall: 'rmdir',
82 error   path: '/usr/local/lib/node_modules/bower' }
83 error Please try running this command again as root/Administrator.
84 verbose exit [ -13, true ]
85 verbose unbuild lib/node_modules/bower
86 info preuninstall bower@1.7.7
87 info uninstall bower@1.7.7
88 verbose unbuild rmStuff bower@1.7.7 from /usr/local/lib/node_modules
89 silly gentlyRm /usr/local/bin/bower is being gently removed
90 silly gentlyRm verifying /usr/local is an npm working directory
91 silly gentlyRm containing path /usr/local is under npm's control, in /usr/local
92 silly gentlyRm deletion target /usr/local/bin/bower is under /usr/local
93 verbose gentlyRm vacuuming from /usr/local/bin/bower up to /usr/local
94 info postuninstall bower@1.7.7
95 silly gentlyRm /usr/local/lib/node_modules/bower is being purged from base /usr/local
96 verbose gentlyRm don't care about contents; nuking /usr/local/lib/node_modules/bower
97 silly vacuum-fs purging /usr/local/lib/node_modules/bower
98 error error rolling back Error: EACCES: permission denied, rmdir '/usr/local/lib/node_modules/bower'
98 error error rolling back     at Error (native)
98 error error rolling back  { [Error: EACCES: permission denied, rmdir '/usr/local/lib/node_modules/bower']
98 error error rolling back   errno: -13,
98 error error rolling back   code: 'EACCES',
98 error error rolling back   syscall: 'rmdir',
98 error error rolling back   path: '/usr/local/lib/node_modules/bower' }
